[2016-11-29 12:32:57.721] -- [DEBUG] -- [localhost-startStop-1 >>>> LogFactory.java:135 >>>> Method = setImplementation] -- [Content = Logging initialized using 'class org.apache.ibatis.logging.slf4j.Slf4jImpl' adapter.]
[2016-11-29 12:33:00.830] -- [DEBUG] -- [localhost-startStop-1 >>>> SqlSessionFactoryBean.java:458 >>>> Method = buildSqlSessionFactory] -- [Content = Parsed configuration file: 'class path resource [mybatis/mybatis-config.xml]']
[2016-11-29 12:33:01.066] -- [DEBUG] -- [localhost-startStop-1 >>>> SqlSessionFactoryBean.java:490 >>>> Method = buildSqlSessionFactory] -- [Content = Parsed mapper file: 'file [/home/honeycc/IdeaProjects/AttetaPro/target/classes/mapper/EmployeesMapper.xml]']
[2016-11-29 12:33:01.126] -- [DEBUG] -- [localhost-startStop-1 >>>> SqlSessionFactoryBean.java:490 >>>> Method = buildSqlSessionFactory] -- [Content = Parsed mapper file: 'file [/home/honeycc/IdeaProjects/AttetaPro/target/classes/mapper/SysUserMapper.xml]']
[2016-11-29 12:33:53.700] -- [DEBUG] -- [http-bio-8080-exec-3 >>>> SqlSessionUtils.java:99 >>>> Method = getSqlSession] -- [Content = Creating a new SqlSession]
[2016-11-29 12:33:53.710] -- [DEBUG] -- [http-bio-8080-exec-3 >>>> SqlSessionUtils.java:130 >>>> Method = registerSessionHolder] -- [Content = Registering transaction synchronization for SqlSession [org.apache.ibatis.session.defaults.DefaultSqlSession@7e86b062]]
[2016-11-29 12:33:53.764] -- [DEBUG] -- [http-bio-8080-exec-3 >>>> SpringManagedTransaction.java:87 >>>> Method = openConnection] -- [Content = JDBC Connection [com.alibaba.druid.proxy.jdbc.ConnectionProxyImpl@2da420c4] will be managed by Spring]
[2016-11-29 12:33:53.775] -- [DEBUG] -- [http-bio-8080-exec-3 >>>> BaseJdbcLogger.java:145 >>>> Method = debug] -- [Content = ==>  Preparing: select count(*) from employees ]
[2016-11-29 12:33:53.822] -- [DEBUG] -- [http-bio-8080-exec-3 >>>> BaseJdbcLogger.java:145 >>>> Method = debug] -- [Content = ==> Parameters: ]
[2016-11-29 12:33:54.462] -- [TRACE] -- [http-bio-8080-exec-3 >>>> BaseJdbcLogger.java:151 >>>> Method = trace] -- [Content = <==    Columns: count(*)]
[2016-11-29 12:33:54.463] -- [TRACE] -- [http-bio-8080-exec-3 >>>> BaseJdbcLogger.java:151 >>>> Method = trace] -- [Content = <==        Row: 300024]
[2016-11-29 12:33:54.468] -- [DEBUG] -- [http-bio-8080-exec-3 >>>> BaseJdbcLogger.java:145 >>>> Method = debug] -- [Content = <==      Total: 1]
[2016-11-29 12:33:54.470] -- [DEBUG] -- [http-bio-8080-exec-3 >>>> SqlSessionUtils.java:188 >>>> Method = closeSqlSession] -- [Content = Releasing transactional SqlSession [org.apache.ibatis.session.defaults.DefaultSqlSession@7e86b062]]
[2016-11-29 12:33:54.471] -- [DEBUG] -- [http-bio-8080-exec-3 >>>> SqlSessionUtils.java:165 >>>> Method = sessionHolder] -- [Content = Fetched SqlSession [org.apache.ibatis.session.defaults.DefaultSqlSession@7e86b062] from current transaction]
[2016-11-29 12:33:54.552] -- [DEBUG] -- [http-bio-8080-exec-3 >>>> BaseJdbcLogger.java:145 >>>> Method = debug] -- [Content = ==>  Preparing: select emp_no, birth_date, first_name, last_name, gender, hire_date from employees order by employee_id desc limit ? , ? ]
[2016-11-29 12:33:54.555] -- [DEBUG] -- [http-bio-8080-exec-3 >>>> BaseJdbcLogger.java:145 >>>> Method = debug] -- [Content = ==> Parameters: 0(Integer), 1(Integer)]
[2016-11-29 12:33:54.574] -- [DEBUG] -- [http-bio-8080-exec-3 >>>> SqlSessionUtils.java:188 >>>> Method = closeSqlSession] -- [Content = Releasing transactional SqlSession [org.apache.ibatis.session.defaults.DefaultSqlSession@7e86b062]]
[2016-11-29 12:33:54.740] -- [DEBUG] -- [http-bio-8080-exec-3 >>>> SqlSessionUtils.java:312 >>>> Method = beforeCompletion] -- [Content = Transaction synchronization deregistering SqlSession [org.apache.ibatis.session.defaults.DefaultSqlSession@7e86b062]]
[2016-11-29 12:33:54.741] -- [DEBUG] -- [http-bio-8080-exec-3 >>>> SqlSessionUtils.java:317 >>>> Method = beforeCompletion] -- [Content = Transaction synchronization closing SqlSession [org.apache.ibatis.session.defaults.DefaultSqlSession@7e86b062]]
[2016-11-29 12:35:49.023] -- [DEBUG] -- [RMI TCP Connection(4)-127.0.0.1 >>>> LogFactory.java:135 >>>> Method = setImplementation] -- [Content = Logging initialized using 'class org.apache.ibatis.logging.slf4j.Slf4jImpl' adapter.]
[2016-11-29 12:35:49.742] -- [DEBUG] -- [RMI TCP Connection(4)-127.0.0.1 >>>> SqlSessionFactoryBean.java:458 >>>> Method = buildSqlSessionFactory] -- [Content = Parsed configuration file: 'class path resource [mybatis/mybatis-config.xml]']
[2016-11-29 12:35:49.907] -- [DEBUG] -- [RMI TCP Connection(4)-127.0.0.1 >>>> SqlSessionFactoryBean.java:490 >>>> Method = buildSqlSessionFactory] -- [Content = Parsed mapper file: 'file [/home/honeycc/IdeaProjects/AttetaPro/target/attapro/WEB-INF/classes/mapper/EmployeesMapper.xml]']
[2016-11-29 12:35:49.974] -- [DEBUG] -- [RMI TCP Connection(4)-127.0.0.1 >>>> SqlSessionFactoryBean.java:490 >>>> Method = buildSqlSessionFactory] -- [Content = Parsed mapper file: 'file [/home/honeycc/IdeaProjects/AttetaPro/target/attapro/WEB-INF/classes/mapper/SysUserMapper.xml]']
[2016-11-29 12:35:53.959] -- [DEBUG] -- [http-nio-8080-exec-3 >>>> SqlSessionUtils.java:99 >>>> Method = getSqlSession] -- [Content = Creating a new SqlSession]
[2016-11-29 12:35:53.966] -- [DEBUG] -- [http-nio-8080-exec-3 >>>> SqlSessionUtils.java:130 >>>> Method = registerSessionHolder] -- [Content = Registering transaction synchronization for SqlSession [org.apache.ibatis.session.defaults.DefaultSqlSession@2815e3f1]]
[2016-11-29 12:35:54.022] -- [DEBUG] -- [http-nio-8080-exec-3 >>>> SpringManagedTransaction.java:87 >>>> Method = openConnection] -- [Content = JDBC Connection [com.alibaba.druid.proxy.jdbc.ConnectionProxyImpl@3f2b5f75] will be managed by Spring]
[2016-11-29 12:35:54.036] -- [DEBUG] -- [http-nio-8080-exec-3 >>>> BaseJdbcLogger.java:145 >>>> Method = debug] -- [Content = ==>  Preparing: select count(*) from employees ]
[2016-11-29 12:35:54.091] -- [DEBUG] -- [http-nio-8080-exec-3 >>>> BaseJdbcLogger.java:145 >>>> Method = debug] -- [Content = ==> Parameters: ]
[2016-11-29 12:35:54.168] -- [TRACE] -- [http-nio-8080-exec-3 >>>> BaseJdbcLogger.java:151 >>>> Method = trace] -- [Content = <==    Columns: count(*)]
[2016-11-29 12:35:54.169] -- [TRACE] -- [http-nio-8080-exec-3 >>>> BaseJdbcLogger.java:151 >>>> Method = trace] -- [Content = <==        Row: 300024]
[2016-11-29 12:35:54.171] -- [DEBUG] -- [http-nio-8080-exec-3 >>>> BaseJdbcLogger.java:145 >>>> Method = debug] -- [Content = <==      Total: 1]
[2016-11-29 12:35:54.173] -- [DEBUG] -- [http-nio-8080-exec-3 >>>> SqlSessionUtils.java:188 >>>> Method = closeSqlSession] -- [Content = Releasing transactional SqlSession [org.apache.ibatis.session.defaults.DefaultSqlSession@2815e3f1]]
[2016-11-29 12:35:54.174] -- [DEBUG] -- [http-nio-8080-exec-3 >>>> SqlSessionUtils.java:165 >>>> Method = sessionHolder] -- [Content = Fetched SqlSession [org.apache.ibatis.session.defaults.DefaultSqlSession@2815e3f1] from current transaction]
[2016-11-29 12:35:54.182] -- [DEBUG] -- [http-nio-8080-exec-3 >>>> BaseJdbcLogger.java:145 >>>> Method = debug] -- [Content = ==>  Preparing: select emp_no, birth_date, first_name, last_name, gender, hire_date from employees order by emp_no desc limit ? , ? ]
[2016-11-29 12:35:54.184] -- [DEBUG] -- [http-nio-8080-exec-3 >>>> BaseJdbcLogger.java:145 >>>> Method = debug] -- [Content = ==> Parameters: 0(Integer), 1(Integer)]
[2016-11-29 12:35:54.240] -- [TRACE] -- [http-nio-8080-exec-3 >>>> BaseJdbcLogger.java:151 >>>> Method = trace] -- [Content = <==    Columns: emp_no, birth_date, first_name, last_name, gender, hire_date]
[2016-11-29 12:35:54.240] -- [TRACE] -- [http-nio-8080-exec-3 >>>> BaseJdbcLogger.java:151 >>>> Method = trace] -- [Content = <==        Row: 499999, 1958-05-01, Sachin, Tsukuda, M, 1997-11-30]
[2016-11-29 12:35:54.241] -- [DEBUG] -- [http-nio-8080-exec-3 >>>> BaseJdbcLogger.java:145 >>>> Method = debug] -- [Content = <==      Total: 1]
[2016-11-29 12:35:54.242] -- [DEBUG] -- [http-nio-8080-exec-3 >>>> SqlSessionUtils.java:188 >>>> Method = closeSqlSession] -- [Content = Releasing transactional SqlSession [org.apache.ibatis.session.defaults.DefaultSqlSession@2815e3f1]]
[2016-11-29 12:35:54.407] -- [DEBUG] -- [http-nio-8080-exec-3 >>>> SqlSessionUtils.java:312 >>>> Method = beforeCompletion] -- [Content = Transaction synchronization deregistering SqlSession [org.apache.ibatis.session.defaults.DefaultSqlSession@2815e3f1]]
[2016-11-29 12:35:54.408] -- [DEBUG] -- [http-nio-8080-exec-3 >>>> SqlSessionUtils.java:317 >>>> Method = beforeCompletion] -- [Content = Transaction synchronization closing SqlSession [org.apache.ibatis.session.defaults.DefaultSqlSession@2815e3f1]]
[2016-11-29 12:36:30.399] -- [DEBUG] -- [http-nio-8080-exec-6 >>>> SqlSessionUtils.java:99 >>>> Method = getSqlSession] -- [Content = Creating a new SqlSession]
[2016-11-29 12:36:30.400] -- [DEBUG] -- [http-nio-8080-exec-6 >>>> SqlSessionUtils.java:130 >>>> Method = registerSessionHolder] -- [Content = Registering transaction synchronization for SqlSession [org.apache.ibatis.session.defaults.DefaultSqlSession@465dd1e1]]
[2016-11-29 12:36:30.403] -- [DEBUG] -- [http-nio-8080-exec-6 >>>> SpringManagedTransaction.java:87 >>>> Method = openConnection] -- [Content = JDBC Connection [com.alibaba.druid.proxy.jdbc.ConnectionProxyImpl@3f2b5f75] will be managed by Spring]
[2016-11-29 12:36:30.404] -- [DEBUG] -- [http-nio-8080-exec-6 >>>> BaseJdbcLogger.java:145 >>>> Method = debug] -- [Content = ==>  Preparing: select count(*) from employees ]
[2016-11-29 12:36:30.404] -- [DEBUG] -- [http-nio-8080-exec-6 >>>> BaseJdbcLogger.java:145 >>>> Method = debug] -- [Content = ==> Parameters: ]
[2016-11-29 12:36:30.467] -- [TRACE] -- [http-nio-8080-exec-6 >>>> BaseJdbcLogger.java:151 >>>> Method = trace] -- [Content = <==    Columns: count(*)]
[2016-11-29 12:36:30.468] -- [TRACE] -- [http-nio-8080-exec-6 >>>> BaseJdbcLogger.java:151 >>>> Method = trace] -- [Content = <==        Row: 300024]
[2016-11-29 12:36:30.469] -- [DEBUG] -- [http-nio-8080-exec-6 >>>> BaseJdbcLogger.java:145 >>>> Method = debug] -- [Content = <==      Total: 1]
[2016-11-29 12:36:30.469] -- [DEBUG] -- [http-nio-8080-exec-6 >>>> SqlSessionUtils.java:188 >>>> Method = closeSqlSession] -- [Content = Releasing transactional SqlSession [org.apache.ibatis.session.defaults.DefaultSqlSession@465dd1e1]]
[2016-11-29 12:36:30.470] -- [DEBUG] -- [http-nio-8080-exec-6 >>>> SqlSessionUtils.java:165 >>>> Method = sessionHolder] -- [Content = Fetched SqlSession [org.apache.ibatis.session.defaults.DefaultSqlSession@465dd1e1] from current transaction]
[2016-11-29 12:36:30.471] -- [DEBUG] -- [http-nio-8080-exec-6 >>>> BaseJdbcLogger.java:145 >>>> Method = debug] -- [Content = ==>  Preparing: select emp_no, birth_date, first_name, last_name, gender, hire_date from employees order by emp_no desc limit ? , ? ]
[2016-11-29 12:36:30.471] -- [DEBUG] -- [http-nio-8080-exec-6 >>>> BaseJdbcLogger.java:145 >>>> Method = debug] -- [Content = ==> Parameters: 0(Integer), 1(Integer)]
[2016-11-29 12:36:30.474] -- [TRACE] -- [http-nio-8080-exec-6 >>>> BaseJdbcLogger.java:151 >>>> Method = trace] -- [Content = <==    Columns: emp_no, birth_date, first_name, last_name, gender, hire_date]
[2016-11-29 12:36:30.475] -- [TRACE] -- [http-nio-8080-exec-6 >>>> BaseJdbcLogger.java:151 >>>> Method = trace] -- [Content = <==        Row: 499999, 1958-05-01, Sachin, Tsukuda, M, 1997-11-30]
[2016-11-29 12:36:30.476] -- [DEBUG] -- [http-nio-8080-exec-6 >>>> BaseJdbcLogger.java:145 >>>> Method = debug] -- [Content = <==      Total: 1]
[2016-11-29 12:36:30.477] -- [DEBUG] -- [http-nio-8080-exec-6 >>>> SqlSessionUtils.java:188 >>>> Method = closeSqlSession] -- [Content = Releasing transactional SqlSession [org.apache.ibatis.session.defaults.DefaultSqlSession@465dd1e1]]
[2016-11-29 12:36:30.478] -- [DEBUG] -- [http-nio-8080-exec-6 >>>> SqlSessionUtils.java:312 >>>> Method = beforeCompletion] -- [Content = Transaction synchronization deregistering SqlSession [org.apache.ibatis.session.defaults.DefaultSqlSession@465dd1e1]]
[2016-11-29 12:36:30.478] -- [DEBUG] -- [http-nio-8080-exec-6 >>>> SqlSessionUtils.java:317 >>>> Method = beforeCompletion] -- [Content = Transaction synchronization closing SqlSession [org.apache.ibatis.session.defaults.DefaultSqlSession@465dd1e1]]
[2016-11-29 12:36:45.952] -- [DEBUG] -- [http-nio-8080-exec-7 >>>> SqlSessionUtils.java:99 >>>> Method = getSqlSession] -- [Content = Creating a new SqlSession]
[2016-11-29 12:36:45.953] -- [DEBUG] -- [http-nio-8080-exec-7 >>>> SqlSessionUtils.java:130 >>>> Method = registerSessionHolder] -- [Content = Registering transaction synchronization for SqlSession [org.apache.ibatis.session.defaults.DefaultSqlSession@41ee706c]]
[2016-11-29 12:36:45.955] -- [DEBUG] -- [http-nio-8080-exec-7 >>>> SpringManagedTransaction.java:87 >>>> Method = openConnection] -- [Content = JDBC Connection [com.alibaba.druid.proxy.jdbc.ConnectionProxyImpl@3f2b5f75] will be managed by Spring]
[2016-11-29 12:36:45.956] -- [DEBUG] -- [http-nio-8080-exec-7 >>>> BaseJdbcLogger.java:145 >>>> Method = debug] -- [Content = ==>  Preparing: select count(*) from employees ]
[2016-11-29 12:36:45.957] -- [DEBUG] -- [http-nio-8080-exec-7 >>>> BaseJdbcLogger.java:145 >>>> Method = debug] -- [Content = ==> Parameters: ]
[2016-11-29 12:36:46.024] -- [TRACE] -- [http-nio-8080-exec-7 >>>> BaseJdbcLogger.java:151 >>>> Method = trace] -- [Content = <==    Columns: count(*)]
[2016-11-29 12:36:46.025] -- [TRACE] -- [http-nio-8080-exec-7 >>>> BaseJdbcLogger.java:151 >>>> Method = trace] -- [Content = <==        Row: 300024]
[2016-11-29 12:36:46.025] -- [DEBUG] -- [http-nio-8080-exec-7 >>>> BaseJdbcLogger.java:145 >>>> Method = debug] -- [Content = <==      Total: 1]
[2016-11-29 12:36:46.026] -- [DEBUG] -- [http-nio-8080-exec-7 >>>> SqlSessionUtils.java:188 >>>> Method = closeSqlSession] -- [Content = Releasing transactional SqlSession [org.apache.ibatis.session.defaults.DefaultSqlSession@41ee706c]]
[2016-11-29 12:36:46.026] -- [DEBUG] -- [http-nio-8080-exec-7 >>>> SqlSessionUtils.java:165 >>>> Method = sessionHolder] -- [Content = Fetched SqlSession [org.apache.ibatis.session.defaults.DefaultSqlSession@41ee706c] from current transaction]
[2016-11-29 12:36:46.027] -- [DEBUG] -- [http-nio-8080-exec-7 >>>> BaseJdbcLogger.java:145 >>>> Method = debug] -- [Content = ==>  Preparing: select emp_no, birth_date, first_name, last_name, gender, hire_date from employees order by emp_no desc limit ? , ? ]
[2016-11-29 12:36:46.028] -- [DEBUG] -- [http-nio-8080-exec-7 >>>> BaseJdbcLogger.java:145 >>>> Method = debug] -- [Content = ==> Parameters: 0(Integer), 1(Integer)]
[2016-11-29 12:36:46.031] -- [TRACE] -- [http-nio-8080-exec-7 >>>> BaseJdbcLogger.java:151 >>>> Method = trace] -- [Content = <==    Columns: emp_no, birth_date, first_name, last_name, gender, hire_date]
[2016-11-29 12:36:46.031] -- [TRACE] -- [http-nio-8080-exec-7 >>>> BaseJdbcLogger.java:151 >>>> Method = trace] -- [Content = <==        Row: 499999, 1958-05-01, Sachin, Tsukuda, M, 1997-11-30]
[2016-11-29 12:36:46.033] -- [DEBUG] -- [http-nio-8080-exec-7 >>>> BaseJdbcLogger.java:145 >>>> Method = debug] -- [Content = <==      Total: 1]
[2016-11-29 12:36:46.034] -- [DEBUG] -- [http-nio-8080-exec-7 >>>> SqlSessionUtils.java:188 >>>> Method = closeSqlSession] -- [Content = Releasing transactional SqlSession [org.apache.ibatis.session.defaults.DefaultSqlSession@41ee706c]]
[2016-11-29 12:36:46.034] -- [DEBUG] -- [http-nio-8080-exec-7 >>>> SqlSessionUtils.java:312 >>>> Method = beforeCompletion] -- [Content = Transaction synchronization deregistering SqlSession [org.apache.ibatis.session.defaults.DefaultSqlSession@41ee706c]]
[2016-11-29 12:36:46.035] -- [DEBUG] -- [http-nio-8080-exec-7 >>>> SqlSessionUtils.java:317 >>>> Method = beforeCompletion] -- [Content = Transaction synchronization closing SqlSession [org.apache.ibatis.session.defaults.DefaultSqlSession@41ee706c]]
[2016-11-29 12:37:34.758] -- [DEBUG] -- [http-nio-8080-exec-8 >>>> SqlSessionUtils.java:99 >>>> Method = getSqlSession] -- [Content = Creating a new SqlSession]
[2016-11-29 12:37:34.760] -- [DEBUG] -- [http-nio-8080-exec-8 >>>> SqlSessionUtils.java:130 >>>> Method = registerSessionHolder] -- [Content = Registering transaction synchronization for SqlSession [org.apache.ibatis.session.defaults.DefaultSqlSession@1335b97b]]
[2016-11-29 12:37:34.764] -- [DEBUG] -- [http-nio-8080-exec-8 >>>> SpringManagedTransaction.java:87 >>>> Method = openConnection] -- [Content = JDBC Connection [com.alibaba.druid.proxy.jdbc.ConnectionProxyImpl@3f2b5f75] will be managed by Spring]
[2016-11-29 12:37:34.767] -- [DEBUG] -- [http-nio-8080-exec-8 >>>> BaseJdbcLogger.java:145 >>>> Method = debug] -- [Content = ==>  Preparing: select count(*) from employees ]
[2016-11-29 12:37:34.769] -- [DEBUG] -- [http-nio-8080-exec-8 >>>> BaseJdbcLogger.java:145 >>>> Method = debug] -- [Content = ==> Parameters: ]
[2016-11-29 12:37:34.842] -- [TRACE] -- [http-nio-8080-exec-8 >>>> BaseJdbcLogger.java:151 >>>> Method = trace] -- [Content = <==    Columns: count(*)]
[2016-11-29 12:37:34.843] -- [TRACE] -- [http-nio-8080-exec-8 >>>> BaseJdbcLogger.java:151 >>>> Method = trace] -- [Content = <==        Row: 300024]
[2016-11-29 12:37:34.845] -- [DEBUG] -- [http-nio-8080-exec-8 >>>> BaseJdbcLogger.java:145 >>>> Method = debug] -- [Content = <==      Total: 1]
[2016-11-29 12:37:34.847] -- [DEBUG] -- [http-nio-8080-exec-8 >>>> SqlSessionUtils.java:188 >>>> Method = closeSqlSession] -- [Content = Releasing transactional SqlSession [org.apache.ibatis.session.defaults.DefaultSqlSession@1335b97b]]
[2016-11-29 12:37:49.758] -- [DEBUG] -- [http-nio-8080-exec-8 >>>> SqlSessionUtils.java:165 >>>> Method = sessionHolder] -- [Content = Fetched SqlSession [org.apache.ibatis.session.defaults.DefaultSqlSession@1335b97b] from current transaction]
[2016-11-29 12:37:49.767] -- [DEBUG] -- [http-nio-8080-exec-8 >>>> BaseJdbcLogger.java:145 >>>> Method = debug] -- [Content = ==>  Preparing: select emp_no, birth_date, first_name, last_name, gender, hire_date from employees order by emp_no desc limit ? , ? ]
[2016-11-29 12:37:49.770] -- [DEBUG] -- [http-nio-8080-exec-8 >>>> BaseJdbcLogger.java:145 >>>> Method = debug] -- [Content = ==> Parameters: 0(Integer), 1(Integer)]
[2016-11-29 12:37:49.779] -- [TRACE] -- [http-nio-8080-exec-8 >>>> BaseJdbcLogger.java:151 >>>> Method = trace] -- [Content = <==    Columns: emp_no, birth_date, first_name, last_name, gender, hire_date]
[2016-11-29 12:37:49.781] -- [TRACE] -- [http-nio-8080-exec-8 >>>> BaseJdbcLogger.java:151 >>>> Method = trace] -- [Content = <==        Row: 499999, 1958-05-01, Sachin, Tsukuda, M, 1997-11-30]
[2016-11-29 12:37:49.791] -- [DEBUG] -- [http-nio-8080-exec-8 >>>> BaseJdbcLogger.java:145 >>>> Method = debug] -- [Content = <==      Total: 1]
[2016-11-29 12:37:49.793] -- [DEBUG] -- [http-nio-8080-exec-8 >>>> SqlSessionUtils.java:188 >>>> Method = closeSqlSession] -- [Content = Releasing transactional SqlSession [org.apache.ibatis.session.defaults.DefaultSqlSession@1335b97b]]
[2016-11-29 12:38:24.672] -- [DEBUG] -- [http-nio-8080-exec-8 >>>> SqlSessionUtils.java:312 >>>> Method = beforeCompletion] -- [Content = Transaction synchronization deregistering SqlSession [org.apache.ibatis.session.defaults.DefaultSqlSession@1335b97b]]
[2016-11-29 12:38:24.673] -- [DEBUG] -- [http-nio-8080-exec-8 >>>> SqlSessionUtils.java:317 >>>> Method = beforeCompletion] -- [Content = Transaction synchronization closing SqlSession [org.apache.ibatis.session.defaults.DefaultSqlSession@1335b97b]]
[2016-11-29 12:39:26.353] -- [DEBUG] -- [RMI TCP Connection(7)-127.0.0.1 >>>> LogFactory.java:135 >>>> Method = setImplementation] -- [Content = Logging initialized using 'class org.apache.ibatis.logging.slf4j.Slf4jImpl' adapter.]
[2016-11-29 12:39:26.818] -- [DEBUG] -- [RMI TCP Connection(7)-127.0.0.1 >>>> SqlSessionFactoryBean.java:458 >>>> Method = buildSqlSessionFactory] -- [Content = Parsed configuration file: 'class path resource [mybatis/mybatis-config.xml]']
[2016-11-29 12:39:26.927] -- [DEBUG] -- [RMI TCP Connection(7)-127.0.0.1 >>>> SqlSessionFactoryBean.java:490 >>>> Method = buildSqlSessionFactory] -- [Content = Parsed mapper file: 'file [/home/honeycc/IdeaProjects/AttetaPro/target/attapro/WEB-INF/classes/mapper/EmployeesMapper.xml]']
[2016-11-29 12:39:26.972] -- [DEBUG] -- [RMI TCP Connection(7)-127.0.0.1 >>>> SqlSessionFactoryBean.java:490 >>>> Method = buildSqlSessionFactory] -- [Content = Parsed mapper file: 'file [/home/honeycc/IdeaProjects/AttetaPro/target/attapro/WEB-INF/classes/mapper/SysUserMapper.xml]']
[2016-11-29 12:39:34.712] -- [DEBUG] -- [http-nio-8080-exec-9 >>>> SqlSessionUtils.java:99 >>>> Method = getSqlSession] -- [Content = Creating a new SqlSession]
[2016-11-29 12:39:34.753] -- [DEBUG] -- [http-nio-8080-exec-9 >>>> SqlSessionUtils.java:130 >>>> Method = registerSessionHolder] -- [Content = Registering transaction synchronization for SqlSession [org.apache.ibatis.session.defaults.DefaultSqlSession@73ef8ae6]]
[2016-11-29 12:39:34.992] -- [DEBUG] -- [http-nio-8080-exec-9 >>>> SpringManagedTransaction.java:87 >>>> Method = openConnection] -- [Content = JDBC Connection [com.alibaba.druid.proxy.jdbc.ConnectionProxyImpl@5cded2f7] will be managed by Spring]
[2016-11-29 12:39:34.999] -- [DEBUG] -- [http-nio-8080-exec-9 >>>> BaseJdbcLogger.java:145 >>>> Method = debug] -- [Content = ==>  Preparing: select count(*) from employees ]
[2016-11-29 12:39:35.060] -- [DEBUG] -- [http-nio-8080-exec-9 >>>> BaseJdbcLogger.java:145 >>>> Method = debug] -- [Content = ==> Parameters: ]
[2016-11-29 12:39:35.144] -- [TRACE] -- [http-nio-8080-exec-9 >>>> BaseJdbcLogger.java:151 >>>> Method = trace] -- [Content = <==    Columns: count(*)]
[2016-11-29 12:39:35.145] -- [TRACE] -- [http-nio-8080-exec-9 >>>> BaseJdbcLogger.java:151 >>>> Method = trace] -- [Content = <==        Row: 300024]
[2016-11-29 12:39:35.192] -- [DEBUG] -- [http-nio-8080-exec-9 >>>> BaseJdbcLogger.java:145 >>>> Method = debug] -- [Content = <==      Total: 1]
[2016-11-29 12:39:35.195] -- [DEBUG] -- [http-nio-8080-exec-9 >>>> SqlSessionUtils.java:188 >>>> Method = closeSqlSession] -- [Content = Releasing transactional SqlSession [org.apache.ibatis.session.defaults.DefaultSqlSession@73ef8ae6]]
[2016-11-29 12:39:36.598] -- [DEBUG] -- [http-nio-8080-exec-9 >>>> SqlSessionUtils.java:165 >>>> Method = sessionHolder] -- [Content = Fetched SqlSession [org.apache.ibatis.session.defaults.DefaultSqlSession@73ef8ae6] from current transaction]
[2016-11-29 12:39:36.660] -- [DEBUG] -- [http-nio-8080-exec-9 >>>> BaseJdbcLogger.java:145 >>>> Method = debug] -- [Content = ==>  Preparing: select emp_no, birth_date, first_name, last_name, gender, hire_date from employees order by emp_no desc limit ? , ? ]
[2016-11-29 12:39:36.676] -- [DEBUG] -- [http-nio-8080-exec-9 >>>> BaseJdbcLogger.java:145 >>>> Method = debug] -- [Content = ==> Parameters: 0(Integer), 1(Integer)]
[2016-11-29 12:39:36.699] -- [TRACE] -- [http-nio-8080-exec-9 >>>> BaseJdbcLogger.java:151 >>>> Method = trace] -- [Content = <==    Columns: emp_no, birth_date, first_name, last_name, gender, hire_date]
[2016-11-29 12:39:36.703] -- [TRACE] -- [http-nio-8080-exec-9 >>>> BaseJdbcLogger.java:151 >>>> Method = trace] -- [Content = <==        Row: 499999, 1958-05-01, Sachin, Tsukuda, M, 1997-11-30]
[2016-11-29 12:39:36.709] -- [DEBUG] -- [http-nio-8080-exec-9 >>>> BaseJdbcLogger.java:145 >>>> Method = debug] -- [Content = <==      Total: 1]
[2016-11-29 12:39:36.712] -- [DEBUG] -- [http-nio-8080-exec-9 >>>> SqlSessionUtils.java:188 >>>> Method = closeSqlSession] -- [Content = Releasing transactional SqlSession [org.apache.ibatis.session.defaults.DefaultSqlSession@73ef8ae6]]
[2016-11-29 12:39:43.238] -- [DEBUG] -- [http-nio-8080-exec-9 >>>> SqlSessionUtils.java:312 >>>> Method = beforeCompletion] -- [Content = Transaction synchronization deregistering SqlSession [org.apache.ibatis.session.defaults.DefaultSqlSession@73ef8ae6]]
[2016-11-29 12:39:43.239] -- [DEBUG] -- [http-nio-8080-exec-9 >>>> SqlSessionUtils.java:317 >>>> Method = beforeCompletion] -- [Content = Transaction synchronization closing SqlSession [org.apache.ibatis.session.defaults.DefaultSqlSession@73ef8ae6]]
[2016-11-29 12:55:14.777] -- [DEBUG] -- [http-nio-8080-exec-9 >>>> SqlSessionUtils.java:99 >>>> Method = getSqlSession] -- [Content = Creating a new SqlSession]
[2016-11-29 12:55:14.778] -- [DEBUG] -- [http-nio-8080-exec-9 >>>> SqlSessionUtils.java:130 >>>> Method = registerSessionHolder] -- [Content = Registering transaction synchronization for SqlSession [org.apache.ibatis.session.defaults.DefaultSqlSession@11534466]]
[2016-11-29 12:55:14.781] -- [DEBUG] -- [http-nio-8080-exec-9 >>>> SpringManagedTransaction.java:87 >>>> Method = openConnection] -- [Content = JDBC Connection [com.alibaba.druid.proxy.jdbc.ConnectionProxyImpl@5cded2f7] will be managed by Spring]
[2016-11-29 12:55:14.782] -- [DEBUG] -- [http-nio-8080-exec-9 >>>> BaseJdbcLogger.java:145 >>>> Method = debug] -- [Content = ==>  Preparing: select count(*) from employees ]
[2016-11-29 12:55:14.783] -- [DEBUG] -- [http-nio-8080-exec-9 >>>> BaseJdbcLogger.java:145 >>>> Method = debug] -- [Content = ==> Parameters: ]
[2016-11-29 12:55:14.861] -- [TRACE] -- [http-nio-8080-exec-9 >>>> BaseJdbcLogger.java:151 >>>> Method = trace] -- [Content = <==    Columns: count(*)]
[2016-11-29 12:55:14.861] -- [TRACE] -- [http-nio-8080-exec-9 >>>> BaseJdbcLogger.java:151 >>>> Method = trace] -- [Content = <==        Row: 300024]
[2016-11-29 12:55:14.862] -- [DEBUG] -- [http-nio-8080-exec-9 >>>> BaseJdbcLogger.java:145 >>>> Method = debug] -- [Content = <==      Total: 1]
[2016-11-29 12:55:14.862] -- [DEBUG] -- [http-nio-8080-exec-9 >>>> SqlSessionUtils.java:188 >>>> Method = closeSqlSession] -- [Content = Releasing transactional SqlSession [org.apache.ibatis.session.defaults.DefaultSqlSession@11534466]]
[2016-11-29 12:55:14.863] -- [DEBUG] -- [http-nio-8080-exec-9 >>>> SqlSessionUtils.java:165 >>>> Method = sessionHolder] -- [Content = Fetched SqlSession [org.apache.ibatis.session.defaults.DefaultSqlSession@11534466] from current transaction]
[2016-11-29 12:55:14.864] -- [DEBUG] -- [http-nio-8080-exec-9 >>>> BaseJdbcLogger.java:145 >>>> Method = debug] -- [Content = ==>  Preparing: select emp_no, birth_date, first_name, last_name, gender, hire_date from employees order by emp_no desc limit ? , ? ]
[2016-11-29 12:55:14.864] -- [DEBUG] -- [http-nio-8080-exec-9 >>>> BaseJdbcLogger.java:145 >>>> Method = debug] -- [Content = ==> Parameters: 0(Integer), 10(Integer)]
[2016-11-29 12:55:14.867] -- [TRACE] -- [http-nio-8080-exec-9 >>>> BaseJdbcLogger.java:151 >>>> Method = trace] -- [Content = <==    Columns: emp_no, birth_date, first_name, last_name, gender, hire_date]
[2016-11-29 12:55:14.868] -- [TRACE] -- [http-nio-8080-exec-9 >>>> BaseJdbcLogger.java:151 >>>> Method = trace] -- [Content = <==        Row: 499999, 1958-05-01, Sachin, Tsukuda, M, 1997-11-30]
[2016-11-29 12:55:14.870] -- [TRACE] -- [http-nio-8080-exec-9 >>>> BaseJdbcLogger.java:151 >>>> Method = trace] -- [Content = <==        Row: 499998, 1956-09-05, Patricia, Breugel, M, 1993-10-13]
[2016-11-29 12:55:14.871] -- [TRACE] -- [http-nio-8080-exec-9 >>>> BaseJdbcLogger.java:151 >>>> Method = trace] -- [Content = <==        Row: 499997, 1961-08-03, Berhard, Lenart, M, 1986-04-21]
[2016-11-29 12:55:14.873] -- [TRACE] -- [http-nio-8080-exec-9 >>>> BaseJdbcLogger.java:151 >>>> Method = trace] -- [Content = <==        Row: 499996, 1953-03-07, Zito, Baaz, M, 1990-09-27]
[2016-11-29 12:55:14.876] -- [TRACE] -- [http-nio-8080-exec-9 >>>> BaseJdbcLogger.java:151 >>>> Method = trace] -- [Content = <==        Row: 499995, 1958-09-24, Dekang, Lichtner, F, 1993-01-12]
[2016-11-29 12:55:14.878] -- [TRACE] -- [http-nio-8080-exec-9 >>>> BaseJdbcLogger.java:151 >>>> Method = trace] -- [Content = <==        Row: 499994, 1952-02-26, Navin, Argence, F, 1990-04-24]
[2016-11-29 12:55:14.880] -- [TRACE] -- [http-nio-8080-exec-9 >>>> BaseJdbcLogger.java:151 >>>> Method = trace] -- [Content = <==        Row: 499993, 1963-06-04, DeForest, Mullainathan, M, 1997-04-07]
[2016-11-29 12:55:14.881] -- [TRACE] -- [http-nio-8080-exec-9 >>>> BaseJdbcLogger.java:151 >>>> Method = trace] -- [Content = <==        Row: 499992, 1960-10-12, Siamak, Salverda, F, 1987-05-10]
[2016-11-29 12:55:14.883] -- [TRACE] -- [http-nio-8080-exec-9 >>>> BaseJdbcLogger.java:151 >>>> Method = trace] -- [Content = <==        Row: 499991, 1962-02-26, Pohua, Sichman, F, 1989-01-12]
[2016-11-29 12:55:14.884] -- [TRACE] -- [http-nio-8080-exec-9 >>>> BaseJdbcLogger.java:151 >>>> Method = trace] -- [Content = <==        Row: 499990, 1963-11-03, Khaled, Kohling, M, 1985-10-10]
[2016-11-29 12:55:14.885] -- [DEBUG] -- [http-nio-8080-exec-9 >>>> BaseJdbcLogger.java:145 >>>> Method = debug] -- [Content = <==      Total: 10]
[2016-11-29 12:55:14.886] -- [DEBUG] -- [http-nio-8080-exec-9 >>>> SqlSessionUtils.java:188 >>>> Method = closeSqlSession] -- [Content = Releasing transactional SqlSession [org.apache.ibatis.session.defaults.DefaultSqlSession@11534466]]
[2016-11-29 12:55:14.906] -- [DEBUG] -- [http-nio-8080-exec-9 >>>> SqlSessionUtils.java:312 >>>> Method = beforeCompletion] -- [Content = Transaction synchronization deregistering SqlSession [org.apache.ibatis.session.defaults.DefaultSqlSession@11534466]]
[2016-11-29 12:55:14.907] -- [DEBUG] -- [http-nio-8080-exec-9 >>>> SqlSessionUtils.java:317 >>>> Method = beforeCompletion] -- [Content = Transaction synchronization closing SqlSession [org.apache.ibatis.session.defaults.DefaultSqlSession@11534466]]
