[2016-11-25 13:00:23.674] -- [DEBUG] -- [RMI TCP Connection(2)-127.0.0.1 >>>> LogFactory.java:135 >>>> Method = setImplementation] -- [Content = Logging initialized using 'class org.apache.ibatis.logging.slf4j.Slf4jImpl' adapter.]
[2016-11-25 13:00:26.365] -- [DEBUG] -- [RMI TCP Connection(2)-127.0.0.1 >>>> SqlSessionFactoryBean.java:458 >>>> Method = buildSqlSessionFactory] -- [Content = Parsed configuration file: 'class path resource [mybatis/mybatis-config.xml]']
[2016-11-25 13:00:26.561] -- [DEBUG] -- [RMI TCP Connection(2)-127.0.0.1 >>>> SqlSessionFactoryBean.java:490 >>>> Method = buildSqlSessionFactory] -- [Content = Parsed mapper file: 'file [/home/honeycc/IdeaProjects/AttetaPro/target/attapro/WEB-INF/classes/mapper/EmployeesMapper.xml]']
[2016-11-25 13:00:26.647] -- [DEBUG] -- [RMI TCP Connection(2)-127.0.0.1 >>>> SqlSessionFactoryBean.java:490 >>>> Method = buildSqlSessionFactory] -- [Content = Parsed mapper file: 'file [/home/honeycc/IdeaProjects/AttetaPro/target/attapro/WEB-INF/classes/mapper/SysUserMapper.xml]']
[2016-11-25 13:05:18.349] -- [DEBUG] -- [http-nio-8080-exec-4 >>>> SqlSessionUtils.java:99 >>>> Method = getSqlSession] -- [Content = Creating a new SqlSession]
[2016-11-25 13:05:18.357] -- [DEBUG] -- [http-nio-8080-exec-4 >>>> SqlSessionUtils.java:130 >>>> Method = registerSessionHolder] -- [Content = Registering transaction synchronization for SqlSession [org.apache.ibatis.session.defaults.DefaultSqlSession@1d679110]]
[2016-11-25 13:05:18.390] -- [DEBUG] -- [http-nio-8080-exec-4 >>>> SpringManagedTransaction.java:87 >>>> Method = openConnection] -- [Content = JDBC Connection [com.alibaba.druid.proxy.jdbc.ConnectionProxyImpl@203f1609] will be managed by Spring]
[2016-11-25 13:05:18.404] -- [DEBUG] -- [http-nio-8080-exec-4 >>>> BaseJdbcLogger.java:145 >>>> Method = debug] -- [Content = ==>  Preparing: select `sys_user_id`, `sys_user_login_name`, `sys_user_login_password`, `sys_user_status`, `sys_user_is_delete`, `sys_user_register_datetime`, `sys_user_register_source`, `sys_user_type`, `sys_user_sex`, `sys_user_is_email_active`, `sys_user_is_mobile_active`, `sys_user_register_type`, `sys_user_pay_passwrod`, `sys_user_icon`, `sys_user_real_name`, `sys_user_email`, `sys_user_mobile`, `sys_user_weibo_id`, `sys_user_qq_id` from sys_user where `sys_user_id` = ? ]
[2016-11-25 13:05:18.474] -- [DEBUG] -- [http-nio-8080-exec-4 >>>> BaseJdbcLogger.java:145 >>>> Method = debug] -- [Content = ==> Parameters: 1(Long)]
[2016-11-25 13:05:19.088] -- [TRACE] -- [http-nio-8080-exec-4 >>>> BaseJdbcLogger.java:151 >>>> Method = trace] -- [Content = <==    Columns: sys_user_id, sys_user_login_name, sys_user_login_password, sys_user_status, sys_user_is_delete, sys_user_register_datetime, sys_user_register_source, sys_user_type, sys_user_sex, sys_user_is_email_active, sys_user_is_mobile_active, sys_user_register_type, sys_user_pay_passwrod, sys_user_icon, sys_user_real_name, sys_user_email, sys_user_mobile, sys_user_weibo_id, sys_user_qq_id]
[2016-11-25 13:05:19.089] -- [TRACE] -- [http-nio-8080-exec-4 >>>> BaseJdbcLogger.java:151 >>>> Method = trace] -- [Content = <==        Row: 1, YouMeek1, e10adc3949ba59abbe56e057f20f883e, 0, N, 2016-02-24 00:12:23.0, 0, 0, 0, Y, Y, 0, e10adc3949ba59abbe56e057f20f883e, , 张觉恩1, 363379441@qq.com, 13800000001, , ]
[2016-11-25 13:05:19.095] -- [DEBUG] -- [http-nio-8080-exec-4 >>>> BaseJdbcLogger.java:145 >>>> Method = debug] -- [Content = <==      Total: 1]
[2016-11-25 13:05:19.097] -- [DEBUG] -- [http-nio-8080-exec-4 >>>> SqlSessionUtils.java:188 >>>> Method = closeSqlSession] -- [Content = Releasing transactional SqlSession [org.apache.ibatis.session.defaults.DefaultSqlSession@1d679110]]
[2016-11-25 13:05:19.098] -- [DEBUG] -- [http-nio-8080-exec-4 >>>> SqlSessionUtils.java:312 >>>> Method = beforeCompletion] -- [Content = Transaction synchronization deregistering SqlSession [org.apache.ibatis.session.defaults.DefaultSqlSession@1d679110]]
[2016-11-25 13:05:19.098] -- [DEBUG] -- [http-nio-8080-exec-4 >>>> SqlSessionUtils.java:317 >>>> Method = beforeCompletion] -- [Content = Transaction synchronization closing SqlSession [org.apache.ibatis.session.defaults.DefaultSqlSession@1d679110]]
[2016-11-25 13:06:24.531] -- [DEBUG] -- [RMI TCP Connection(6)-127.0.0.1 >>>> LogFactory.java:135 >>>> Method = setImplementation] -- [Content = Logging initialized using 'class org.apache.ibatis.logging.slf4j.Slf4jImpl' adapter.]
[2016-11-25 13:06:25.060] -- [DEBUG] -- [RMI TCP Connection(6)-127.0.0.1 >>>> SqlSessionFactoryBean.java:458 >>>> Method = buildSqlSessionFactory] -- [Content = Parsed configuration file: 'class path resource [mybatis/mybatis-config.xml]']
[2016-11-25 13:06:25.230] -- [DEBUG] -- [RMI TCP Connection(6)-127.0.0.1 >>>> SqlSessionFactoryBean.java:490 >>>> Method = buildSqlSessionFactory] -- [Content = Parsed mapper file: 'file [/home/honeycc/IdeaProjects/AttetaPro/target/attapro/WEB-INF/classes/mapper/EmployeesMapper.xml]']
[2016-11-25 13:06:25.271] -- [DEBUG] -- [RMI TCP Connection(6)-127.0.0.1 >>>> SqlSessionFactoryBean.java:490 >>>> Method = buildSqlSessionFactory] -- [Content = Parsed mapper file: 'file [/home/honeycc/IdeaProjects/AttetaPro/target/attapro/WEB-INF/classes/mapper/SysUserMapper.xml]']
[2016-11-25 13:06:47.465] -- [DEBUG] -- [http-nio-8080-exec-7 >>>> SqlSessionUtils.java:99 >>>> Method = getSqlSession] -- [Content = Creating a new SqlSession]
[2016-11-25 13:06:47.475] -- [DEBUG] -- [http-nio-8080-exec-7 >>>> SqlSessionUtils.java:130 >>>> Method = registerSessionHolder] -- [Content = Registering transaction synchronization for SqlSession [org.apache.ibatis.session.defaults.DefaultSqlSession@3c93ed29]]
[2016-11-25 13:06:47.498] -- [DEBUG] -- [http-nio-8080-exec-7 >>>> SpringManagedTransaction.java:87 >>>> Method = openConnection] -- [Content = JDBC Connection [com.alibaba.druid.proxy.jdbc.ConnectionProxyImpl@4464784f] will be managed by Spring]
[2016-11-25 13:06:47.501] -- [DEBUG] -- [http-nio-8080-exec-7 >>>> BaseJdbcLogger.java:145 >>>> Method = debug] -- [Content = ==>  Preparing: select `sys_user_id`, `sys_user_login_name`, `sys_user_login_password`, `sys_user_status`, `sys_user_is_delete`, `sys_user_register_datetime`, `sys_user_register_source`, `sys_user_type`, `sys_user_sex`, `sys_user_is_email_active`, `sys_user_is_mobile_active`, `sys_user_register_type`, `sys_user_pay_passwrod`, `sys_user_icon`, `sys_user_real_name`, `sys_user_email`, `sys_user_mobile`, `sys_user_weibo_id`, `sys_user_qq_id` from sys_user where `sys_user_id` = ? ]
[2016-11-25 13:06:47.533] -- [DEBUG] -- [http-nio-8080-exec-7 >>>> BaseJdbcLogger.java:145 >>>> Method = debug] -- [Content = ==> Parameters: 1(Long)]
[2016-11-25 13:06:47.557] -- [TRACE] -- [http-nio-8080-exec-7 >>>> BaseJdbcLogger.java:151 >>>> Method = trace] -- [Content = <==    Columns: sys_user_id, sys_user_login_name, sys_user_login_password, sys_user_status, sys_user_is_delete, sys_user_register_datetime, sys_user_register_source, sys_user_type, sys_user_sex, sys_user_is_email_active, sys_user_is_mobile_active, sys_user_register_type, sys_user_pay_passwrod, sys_user_icon, sys_user_real_name, sys_user_email, sys_user_mobile, sys_user_weibo_id, sys_user_qq_id]
[2016-11-25 13:06:47.558] -- [TRACE] -- [http-nio-8080-exec-7 >>>> BaseJdbcLogger.java:151 >>>> Method = trace] -- [Content = <==        Row: 1, YouMeek1, e10adc3949ba59abbe56e057f20f883e, 0, N, 2016-02-24 00:12:23.0, 0, 0, 0, Y, Y, 0, e10adc3949ba59abbe56e057f20f883e, , 张觉恩1, 363379441@qq.com, 13800000001, , ]
[2016-11-25 13:06:47.563] -- [DEBUG] -- [http-nio-8080-exec-7 >>>> BaseJdbcLogger.java:145 >>>> Method = debug] -- [Content = <==      Total: 1]
[2016-11-25 13:06:47.564] -- [DEBUG] -- [http-nio-8080-exec-7 >>>> SqlSessionUtils.java:188 >>>> Method = closeSqlSession] -- [Content = Releasing transactional SqlSession [org.apache.ibatis.session.defaults.DefaultSqlSession@3c93ed29]]
[2016-11-25 13:06:47.565] -- [DEBUG] -- [http-nio-8080-exec-7 >>>> SqlSessionUtils.java:312 >>>> Method = beforeCompletion] -- [Content = Transaction synchronization deregistering SqlSession [org.apache.ibatis.session.defaults.DefaultSqlSession@3c93ed29]]
[2016-11-25 13:06:47.565] -- [DEBUG] -- [http-nio-8080-exec-7 >>>> SqlSessionUtils.java:317 >>>> Method = beforeCompletion] -- [Content = Transaction synchronization closing SqlSession [org.apache.ibatis.session.defaults.DefaultSqlSession@3c93ed29]]
[2016-11-25 13:16:03.002] -- [DEBUG] -- [localhost-startStop-1 >>>> LogFactory.java:135 >>>> Method = setImplementation] -- [Content = Logging initialized using 'class org.apache.ibatis.logging.slf4j.Slf4jImpl' adapter.]
[2016-11-25 13:16:03.879] -- [DEBUG] -- [localhost-startStop-1 >>>> SqlSessionFactoryBean.java:458 >>>> Method = buildSqlSessionFactory] -- [Content = Parsed configuration file: 'class path resource [mybatis/mybatis-config.xml]']
[2016-11-25 13:16:04.038] -- [DEBUG] -- [localhost-startStop-1 >>>> SqlSessionFactoryBean.java:490 >>>> Method = buildSqlSessionFactory] -- [Content = Parsed mapper file: 'file [/home/honeycc/IdeaProjects/AttetaPro/target/attapro/WEB-INF/classes/mapper/EmployeesMapper.xml]']
[2016-11-25 13:16:04.094] -- [DEBUG] -- [localhost-startStop-1 >>>> SqlSessionFactoryBean.java:490 >>>> Method = buildSqlSessionFactory] -- [Content = Parsed mapper file: 'file [/home/honeycc/IdeaProjects/AttetaPro/target/attapro/WEB-INF/classes/mapper/SysUserMapper.xml]']
[2016-11-25 17:08:59.437] -- [DEBUG] -- [localhost-startStop-1 >>>> LogFactory.java:135 >>>> Method = setImplementation] -- [Content = Logging initialized using 'class org.apache.ibatis.logging.slf4j.Slf4jImpl' adapter.]
[2016-11-25 17:09:02.835] -- [DEBUG] -- [localhost-startStop-1 >>>> SqlSessionFactoryBean.java:458 >>>> Method = buildSqlSessionFactory] -- [Content = Parsed configuration file: 'class path resource [mybatis/mybatis-config.xml]']
[2016-11-25 17:09:03.026] -- [DEBUG] -- [localhost-startStop-1 >>>> SqlSessionFactoryBean.java:490 >>>> Method = buildSqlSessionFactory] -- [Content = Parsed mapper file: 'file [/home/honeycc/IdeaProjects/AttetaPro/target/classes/mapper/EmployeesMapper.xml]']
[2016-11-25 17:09:03.150] -- [DEBUG] -- [localhost-startStop-1 >>>> SqlSessionFactoryBean.java:490 >>>> Method = buildSqlSessionFactory] -- [Content = Parsed mapper file: 'file [/home/honeycc/IdeaProjects/AttetaPro/target/classes/mapper/SysUserMapper.xml]']
[2016-11-25 17:09:42.924] -- [DEBUG] -- [http-bio-8080-exec-3 >>>> SqlSessionUtils.java:99 >>>> Method = getSqlSession] -- [Content = Creating a new SqlSession]
[2016-11-25 17:09:43.110] -- [DEBUG] -- [http-bio-8080-exec-3 >>>> SqlSessionUtils.java:130 >>>> Method = registerSessionHolder] -- [Content = Registering transaction synchronization for SqlSession [org.apache.ibatis.session.defaults.DefaultSqlSession@668d4a33]]
[2016-11-25 17:09:43.157] -- [DEBUG] -- [http-bio-8080-exec-3 >>>> SpringManagedTransaction.java:87 >>>> Method = openConnection] -- [Content = JDBC Connection [com.alibaba.druid.proxy.jdbc.ConnectionProxyImpl@1fd9df64] will be managed by Spring]
[2016-11-25 17:09:43.177] -- [DEBUG] -- [http-bio-8080-exec-3 >>>> BaseJdbcLogger.java:145 >>>> Method = debug] -- [Content = ==>  Preparing: select `sys_user_id`, `sys_user_login_name`, `sys_user_login_password`, `sys_user_status`, `sys_user_is_delete`, `sys_user_register_datetime`, `sys_user_register_source`, `sys_user_type`, `sys_user_sex`, `sys_user_is_email_active`, `sys_user_is_mobile_active`, `sys_user_register_type`, `sys_user_pay_passwrod`, `sys_user_icon`, `sys_user_real_name`, `sys_user_email`, `sys_user_mobile`, `sys_user_weibo_id`, `sys_user_qq_id` from sys_user where `sys_user_id` = ? ]
[2016-11-25 17:09:43.279] -- [DEBUG] -- [http-bio-8080-exec-3 >>>> BaseJdbcLogger.java:145 >>>> Method = debug] -- [Content = ==> Parameters: 1(Long)]
[2016-11-25 17:09:43.977] -- [TRACE] -- [http-bio-8080-exec-3 >>>> BaseJdbcLogger.java:151 >>>> Method = trace] -- [Content = <==    Columns: sys_user_id, sys_user_login_name, sys_user_login_password, sys_user_status, sys_user_is_delete, sys_user_register_datetime, sys_user_register_source, sys_user_type, sys_user_sex, sys_user_is_email_active, sys_user_is_mobile_active, sys_user_register_type, sys_user_pay_passwrod, sys_user_icon, sys_user_real_name, sys_user_email, sys_user_mobile, sys_user_weibo_id, sys_user_qq_id]
[2016-11-25 17:09:43.978] -- [TRACE] -- [http-bio-8080-exec-3 >>>> BaseJdbcLogger.java:151 >>>> Method = trace] -- [Content = <==        Row: 1, YouMeek1, e10adc3949ba59abbe56e057f20f883e, 0, N, 2016-02-24 00:12:23.0, 0, 0, 0, Y, Y, 0, e10adc3949ba59abbe56e057f20f883e, , 张觉恩1, 363379441@qq.com, 13800000001, , ]
[2016-11-25 17:09:43.985] -- [DEBUG] -- [http-bio-8080-exec-3 >>>> BaseJdbcLogger.java:145 >>>> Method = debug] -- [Content = <==      Total: 1]
[2016-11-25 17:09:43.987] -- [DEBUG] -- [http-bio-8080-exec-3 >>>> SqlSessionUtils.java:188 >>>> Method = closeSqlSession] -- [Content = Releasing transactional SqlSession [org.apache.ibatis.session.defaults.DefaultSqlSession@668d4a33]]
[2016-11-25 17:09:43.988] -- [DEBUG] -- [http-bio-8080-exec-3 >>>> SqlSessionUtils.java:312 >>>> Method = beforeCompletion] -- [Content = Transaction synchronization deregistering SqlSession [org.apache.ibatis.session.defaults.DefaultSqlSession@668d4a33]]
[2016-11-25 17:09:43.988] -- [DEBUG] -- [http-bio-8080-exec-3 >>>> SqlSessionUtils.java:317 >>>> Method = beforeCompletion] -- [Content = Transaction synchronization closing SqlSession [org.apache.ibatis.session.defaults.DefaultSqlSession@668d4a33]]
[2016-11-25 17:09:47.616] -- [DEBUG] -- [http-bio-8080-exec-5 >>>> SqlSessionUtils.java:99 >>>> Method = getSqlSession] -- [Content = Creating a new SqlSession]
[2016-11-25 17:09:47.616] -- [DEBUG] -- [http-bio-8080-exec-5 >>>> SqlSessionUtils.java:130 >>>> Method = registerSessionHolder] -- [Content = Registering transaction synchronization for SqlSession [org.apache.ibatis.session.defaults.DefaultSqlSession@50147507]]
[2016-11-25 17:09:47.617] -- [DEBUG] -- [http-bio-8080-exec-5 >>>> SpringManagedTransaction.java:87 >>>> Method = openConnection] -- [Content = JDBC Connection [com.alibaba.druid.proxy.jdbc.ConnectionProxyImpl@1fd9df64] will be managed by Spring]
[2016-11-25 17:09:47.618] -- [DEBUG] -- [http-bio-8080-exec-5 >>>> BaseJdbcLogger.java:145 >>>> Method = debug] -- [Content = ==>  Preparing: select `sys_user_id`, `sys_user_login_name`, `sys_user_login_password`, `sys_user_status`, `sys_user_is_delete`, `sys_user_register_datetime`, `sys_user_register_source`, `sys_user_type`, `sys_user_sex`, `sys_user_is_email_active`, `sys_user_is_mobile_active`, `sys_user_register_type`, `sys_user_pay_passwrod`, `sys_user_icon`, `sys_user_real_name`, `sys_user_email`, `sys_user_mobile`, `sys_user_weibo_id`, `sys_user_qq_id` from sys_user where `sys_user_id` = ? ]
[2016-11-25 17:09:47.619] -- [DEBUG] -- [http-bio-8080-exec-5 >>>> BaseJdbcLogger.java:145 >>>> Method = debug] -- [Content = ==> Parameters: 1(Long)]
[2016-11-25 17:09:47.623] -- [TRACE] -- [http-bio-8080-exec-5 >>>> BaseJdbcLogger.java:151 >>>> Method = trace] -- [Content = <==    Columns: sys_user_id, sys_user_login_name, sys_user_login_password, sys_user_status, sys_user_is_delete, sys_user_register_datetime, sys_user_register_source, sys_user_type, sys_user_sex, sys_user_is_email_active, sys_user_is_mobile_active, sys_user_register_type, sys_user_pay_passwrod, sys_user_icon, sys_user_real_name, sys_user_email, sys_user_mobile, sys_user_weibo_id, sys_user_qq_id]
[2016-11-25 17:09:47.626] -- [TRACE] -- [http-bio-8080-exec-5 >>>> BaseJdbcLogger.java:151 >>>> Method = trace] -- [Content = <==        Row: 1, YouMeek1, e10adc3949ba59abbe56e057f20f883e, 0, N, 2016-02-24 00:12:23.0, 0, 0, 0, Y, Y, 0, e10adc3949ba59abbe56e057f20f883e, , 张觉恩1, 363379441@qq.com, 13800000001, , ]
[2016-11-25 17:09:47.629] -- [DEBUG] -- [http-bio-8080-exec-5 >>>> BaseJdbcLogger.java:145 >>>> Method = debug] -- [Content = <==      Total: 1]
[2016-11-25 17:09:47.630] -- [DEBUG] -- [http-bio-8080-exec-5 >>>> SqlSessionUtils.java:188 >>>> Method = closeSqlSession] -- [Content = Releasing transactional SqlSession [org.apache.ibatis.session.defaults.DefaultSqlSession@50147507]]
[2016-11-25 17:09:47.631] -- [DEBUG] -- [http-bio-8080-exec-5 >>>> SqlSessionUtils.java:312 >>>> Method = beforeCompletion] -- [Content = Transaction synchronization deregistering SqlSession [org.apache.ibatis.session.defaults.DefaultSqlSession@50147507]]
[2016-11-25 17:09:47.631] -- [DEBUG] -- [http-bio-8080-exec-5 >>>> SqlSessionUtils.java:317 >>>> Method = beforeCompletion] -- [Content = Transaction synchronization closing SqlSession [org.apache.ibatis.session.defaults.DefaultSqlSession@50147507]]
[2016-11-25 17:17:03.527] -- [DEBUG] -- [RMI TCP Connection(2)-127.0.0.1 >>>> LogFactory.java:135 >>>> Method = setImplementation] -- [Content = Logging initialized using 'class org.apache.ibatis.logging.slf4j.Slf4jImpl' adapter.]
[2016-11-25 17:17:07.531] -- [DEBUG] -- [RMI TCP Connection(2)-127.0.0.1 >>>> SqlSessionFactoryBean.java:458 >>>> Method = buildSqlSessionFactory] -- [Content = Parsed configuration file: 'class path resource [mybatis/mybatis-config.xml]']
[2016-11-25 17:17:07.722] -- [DEBUG] -- [RMI TCP Connection(2)-127.0.0.1 >>>> SqlSessionFactoryBean.java:490 >>>> Method = buildSqlSessionFactory] -- [Content = Parsed mapper file: 'file [/home/honeycc/IdeaProjects/AttetaPro/target/attapro/WEB-INF/classes/mapper/EmployeesMapper.xml]']
[2016-11-25 17:17:07.780] -- [DEBUG] -- [RMI TCP Connection(2)-127.0.0.1 >>>> SqlSessionFactoryBean.java:490 >>>> Method = buildSqlSessionFactory] -- [Content = Parsed mapper file: 'file [/home/honeycc/IdeaProjects/AttetaPro/target/attapro/WEB-INF/classes/mapper/SysUserMapper.xml]']
[2016-11-25 17:33:51.724] -- [DEBUG] -- [localhost-startStop-1 >>>> LogFactory.java:135 >>>> Method = setImplementation] -- [Content = Logging initialized using 'class org.apache.ibatis.logging.slf4j.Slf4jImpl' adapter.]
[2016-11-25 17:33:52.622] -- [DEBUG] -- [localhost-startStop-1 >>>> SqlSessionFactoryBean.java:458 >>>> Method = buildSqlSessionFactory] -- [Content = Parsed configuration file: 'class path resource [mybatis/mybatis-config.xml]']
[2016-11-25 17:33:52.768] -- [DEBUG] -- [localhost-startStop-1 >>>> SqlSessionFactoryBean.java:490 >>>> Method = buildSqlSessionFactory] -- [Content = Parsed mapper file: 'file [/home/honeycc/IdeaProjects/AttetaPro/target/attapro/WEB-INF/classes/mapper/EmployeesMapper.xml]']
[2016-11-25 17:33:52.816] -- [DEBUG] -- [localhost-startStop-1 >>>> SqlSessionFactoryBean.java:490 >>>> Method = buildSqlSessionFactory] -- [Content = Parsed mapper file: 'file [/home/honeycc/IdeaProjects/AttetaPro/target/attapro/WEB-INF/classes/mapper/SysUserMapper.xml]']
[2016-11-25 17:38:07.245] -- [DEBUG] -- [localhost-startStop-1 >>>> LogFactory.java:135 >>>> Method = setImplementation] -- [Content = Logging initialized using 'class org.apache.ibatis.logging.slf4j.Slf4jImpl' adapter.]
[2016-11-25 17:38:08.775] -- [DEBUG] -- [localhost-startStop-1 >>>> SqlSessionFactoryBean.java:458 >>>> Method = buildSqlSessionFactory] -- [Content = Parsed configuration file: 'class path resource [mybatis/mybatis-config.xml]']
[2016-11-25 17:38:08.958] -- [DEBUG] -- [localhost-startStop-1 >>>> SqlSessionFactoryBean.java:490 >>>> Method = buildSqlSessionFactory] -- [Content = Parsed mapper file: 'file [/home/honeycc/IdeaProjects/AttetaPro/target/classes/mapper/EmployeesMapper.xml]']
[2016-11-25 17:38:09.026] -- [DEBUG] -- [localhost-startStop-1 >>>> SqlSessionFactoryBean.java:490 >>>> Method = buildSqlSessionFactory] -- [Content = Parsed mapper file: 'file [/home/honeycc/IdeaProjects/AttetaPro/target/classes/mapper/SysUserMapper.xml]']
[2016-11-25 17:39:26.570] -- [DEBUG] -- [localhost-startStop-1 >>>> LogFactory.java:135 >>>> Method = setImplementation] -- [Content = Logging initialized using 'class org.apache.ibatis.logging.slf4j.Slf4jImpl' adapter.]
[2016-11-25 17:39:27.916] -- [DEBUG] -- [localhost-startStop-1 >>>> SqlSessionFactoryBean.java:458 >>>> Method = buildSqlSessionFactory] -- [Content = Parsed configuration file: 'class path resource [mybatis/mybatis-config.xml]']
[2016-11-25 17:39:28.130] -- [DEBUG] -- [localhost-startStop-1 >>>> SqlSessionFactoryBean.java:490 >>>> Method = buildSqlSessionFactory] -- [Content = Parsed mapper file: 'file [/home/honeycc/IdeaProjects/AttetaPro/target/attapro/WEB-INF/classes/mapper/EmployeesMapper.xml]']
[2016-11-25 17:39:28.180] -- [DEBUG] -- [localhost-startStop-1 >>>> SqlSessionFactoryBean.java:490 >>>> Method = buildSqlSessionFactory] -- [Content = Parsed mapper file: 'file [/home/honeycc/IdeaProjects/AttetaPro/target/attapro/WEB-INF/classes/mapper/SysUserMapper.xml]']
[2016-11-25 17:42:48.062] -- [DEBUG] -- [localhost-startStop-1 >>>> LogFactory.java:135 >>>> Method = setImplementation] -- [Content = Logging initialized using 'class org.apache.ibatis.logging.slf4j.Slf4jImpl' adapter.]
[2016-11-25 17:42:48.848] -- [DEBUG] -- [localhost-startStop-1 >>>> SqlSessionFactoryBean.java:458 >>>> Method = buildSqlSessionFactory] -- [Content = Parsed configuration file: 'class path resource [mybatis/mybatis-config.xml]']
[2016-11-25 17:42:48.970] -- [DEBUG] -- [localhost-startStop-1 >>>> SqlSessionFactoryBean.java:490 >>>> Method = buildSqlSessionFactory] -- [Content = Parsed mapper file: 'file [/home/honeycc/software/apache-tomcat-8.5.4/webapps/atteta/WEB-INF/classes/mapper/EmployeesMapper.xml]']
[2016-11-25 17:42:49.021] -- [DEBUG] -- [localhost-startStop-1 >>>> SqlSessionFactoryBean.java:490 >>>> Method = buildSqlSessionFactory] -- [Content = Parsed mapper file: 'file [/home/honeycc/software/apache-tomcat-8.5.4/webapps/atteta/WEB-INF/classes/mapper/SysUserMapper.xml]']
[2016-11-25 17:45:59.812] -- [DEBUG] -- [http-nio-8080-exec-6 >>>> SqlSessionUtils.java:99 >>>> Method = getSqlSession] -- [Content = Creating a new SqlSession]
[2016-11-25 17:45:59.818] -- [DEBUG] -- [http-nio-8080-exec-6 >>>> SqlSessionUtils.java:130 >>>> Method = registerSessionHolder] -- [Content = Registering transaction synchronization for SqlSession [org.apache.ibatis.session.defaults.DefaultSqlSession@25da493a]]
[2016-11-25 17:45:59.837] -- [DEBUG] -- [http-nio-8080-exec-6 >>>> SpringManagedTransaction.java:87 >>>> Method = openConnection] -- [Content = JDBC Connection [com.alibaba.druid.proxy.jdbc.ConnectionProxyImpl@2ac22162] will be managed by Spring]
[2016-11-25 17:45:59.846] -- [DEBUG] -- [http-nio-8080-exec-6 >>>> BaseJdbcLogger.java:145 >>>> Method = debug] -- [Content = ==>  Preparing: select `sys_user_id`, `sys_user_login_name`, `sys_user_login_password`, `sys_user_status`, `sys_user_is_delete`, `sys_user_register_datetime`, `sys_user_register_source`, `sys_user_type`, `sys_user_sex`, `sys_user_is_email_active`, `sys_user_is_mobile_active`, `sys_user_register_type`, `sys_user_pay_passwrod`, `sys_user_icon`, `sys_user_real_name`, `sys_user_email`, `sys_user_mobile`, `sys_user_weibo_id`, `sys_user_qq_id` from sys_user where `sys_user_id` = ? ]
[2016-11-25 17:45:59.887] -- [DEBUG] -- [http-nio-8080-exec-6 >>>> BaseJdbcLogger.java:145 >>>> Method = debug] -- [Content = ==> Parameters: 1(Long)]
[2016-11-25 17:46:00.101] -- [TRACE] -- [http-nio-8080-exec-6 >>>> BaseJdbcLogger.java:151 >>>> Method = trace] -- [Content = <==    Columns: sys_user_id, sys_user_login_name, sys_user_login_password, sys_user_status, sys_user_is_delete, sys_user_register_datetime, sys_user_register_source, sys_user_type, sys_user_sex, sys_user_is_email_active, sys_user_is_mobile_active, sys_user_register_type, sys_user_pay_passwrod, sys_user_icon, sys_user_real_name, sys_user_email, sys_user_mobile, sys_user_weibo_id, sys_user_qq_id]
[2016-11-25 17:46:00.102] -- [TRACE] -- [http-nio-8080-exec-6 >>>> BaseJdbcLogger.java:151 >>>> Method = trace] -- [Content = <==        Row: 1, YouMeek1, e10adc3949ba59abbe56e057f20f883e, 0, N, 2016-02-24 00:12:23.0, 0, 0, 0, Y, Y, 0, e10adc3949ba59abbe56e057f20f883e, , 张觉恩1, 363379441@qq.com, 13800000001, , ]
[2016-11-25 17:46:00.110] -- [DEBUG] -- [http-nio-8080-exec-6 >>>> BaseJdbcLogger.java:145 >>>> Method = debug] -- [Content = <==      Total: 1]
[2016-11-25 17:46:00.112] -- [DEBUG] -- [http-nio-8080-exec-6 >>>> SqlSessionUtils.java:188 >>>> Method = closeSqlSession] -- [Content = Releasing transactional SqlSession [org.apache.ibatis.session.defaults.DefaultSqlSession@25da493a]]
[2016-11-25 17:46:00.113] -- [DEBUG] -- [http-nio-8080-exec-6 >>>> SqlSessionUtils.java:312 >>>> Method = beforeCompletion] -- [Content = Transaction synchronization deregistering SqlSession [org.apache.ibatis.session.defaults.DefaultSqlSession@25da493a]]
[2016-11-25 17:46:00.114] -- [DEBUG] -- [http-nio-8080-exec-6 >>>> SqlSessionUtils.java:317 >>>> Method = beforeCompletion] -- [Content = Transaction synchronization closing SqlSession [org.apache.ibatis.session.defaults.DefaultSqlSession@25da493a]]
[2016-11-25 17:46:12.582] -- [DEBUG] -- [http-nio-8080-exec-8 >>>> SqlSessionUtils.java:99 >>>> Method = getSqlSession] -- [Content = Creating a new SqlSession]
[2016-11-25 17:46:12.583] -- [DEBUG] -- [http-nio-8080-exec-8 >>>> SqlSessionUtils.java:130 >>>> Method = registerSessionHolder] -- [Content = Registering transaction synchronization for SqlSession [org.apache.ibatis.session.defaults.DefaultSqlSession@6566a4e5]]
[2016-11-25 17:46:12.584] -- [DEBUG] -- [http-nio-8080-exec-8 >>>> SpringManagedTransaction.java:87 >>>> Method = openConnection] -- [Content = JDBC Connection [com.alibaba.druid.proxy.jdbc.ConnectionProxyImpl@2ac22162] will be managed by Spring]
[2016-11-25 17:46:12.585] -- [DEBUG] -- [http-nio-8080-exec-8 >>>> BaseJdbcLogger.java:145 >>>> Method = debug] -- [Content = ==>  Preparing: select `sys_user_id`, `sys_user_login_name`, `sys_user_login_password`, `sys_user_status`, `sys_user_is_delete`, `sys_user_register_datetime`, `sys_user_register_source`, `sys_user_type`, `sys_user_sex`, `sys_user_is_email_active`, `sys_user_is_mobile_active`, `sys_user_register_type`, `sys_user_pay_passwrod`, `sys_user_icon`, `sys_user_real_name`, `sys_user_email`, `sys_user_mobile`, `sys_user_weibo_id`, `sys_user_qq_id` from sys_user where `sys_user_id` = ? ]
[2016-11-25 17:46:12.586] -- [DEBUG] -- [http-nio-8080-exec-8 >>>> BaseJdbcLogger.java:145 >>>> Method = debug] -- [Content = ==> Parameters: 1(Long)]
[2016-11-25 17:46:12.593] -- [TRACE] -- [http-nio-8080-exec-8 >>>> BaseJdbcLogger.java:151 >>>> Method = trace] -- [Content = <==    Columns: sys_user_id, sys_user_login_name, sys_user_login_password, sys_user_status, sys_user_is_delete, sys_user_register_datetime, sys_user_register_source, sys_user_type, sys_user_sex, sys_user_is_email_active, sys_user_is_mobile_active, sys_user_register_type, sys_user_pay_passwrod, sys_user_icon, sys_user_real_name, sys_user_email, sys_user_mobile, sys_user_weibo_id, sys_user_qq_id]
[2016-11-25 17:46:12.595] -- [TRACE] -- [http-nio-8080-exec-8 >>>> BaseJdbcLogger.java:151 >>>> Method = trace] -- [Content = <==        Row: 1, YouMeek1, e10adc3949ba59abbe56e057f20f883e, 0, N, 2016-02-24 00:12:23.0, 0, 0, 0, Y, Y, 0, e10adc3949ba59abbe56e057f20f883e, , 张觉恩1, 363379441@qq.com, 13800000001, , ]
[2016-11-25 17:46:12.601] -- [DEBUG] -- [http-nio-8080-exec-8 >>>> BaseJdbcLogger.java:145 >>>> Method = debug] -- [Content = <==      Total: 1]
[2016-11-25 17:46:12.602] -- [DEBUG] -- [http-nio-8080-exec-8 >>>> SqlSessionUtils.java:188 >>>> Method = closeSqlSession] -- [Content = Releasing transactional SqlSession [org.apache.ibatis.session.defaults.DefaultSqlSession@6566a4e5]]
[2016-11-25 17:46:12.602] -- [DEBUG] -- [http-nio-8080-exec-8 >>>> SqlSessionUtils.java:312 >>>> Method = beforeCompletion] -- [Content = Transaction synchronization deregistering SqlSession [org.apache.ibatis.session.defaults.DefaultSqlSession@6566a4e5]]
[2016-11-25 17:46:12.603] -- [DEBUG] -- [http-nio-8080-exec-8 >>>> SqlSessionUtils.java:317 >>>> Method = beforeCompletion] -- [Content = Transaction synchronization closing SqlSession [org.apache.ibatis.session.defaults.DefaultSqlSession@6566a4e5]]
