[2016-11-24 22:43:59.079] -- [DEBUG] -- [localhost-startStop-1 >>>> LogFactory.java:135 >>>> Method = setImplementation] -- [Content = Logging initialized using 'class org.apache.ibatis.logging.slf4j.Slf4jImpl' adapter.]
[2016-11-24 22:44:02.462] -- [DEBUG] -- [localhost-startStop-1 >>>> SqlSessionFactoryBean.java:458 >>>> Method = buildSqlSessionFactory] -- [Content = Parsed configuration file: 'class path resource [mybatis/mybatis-config.xml]']
[2016-11-24 22:44:02.611] -- [DEBUG] -- [localhost-startStop-1 >>>> SqlSessionFactoryBean.java:490 >>>> Method = buildSqlSessionFactory] -- [Content = Parsed mapper file: 'file [/home/honeycc/IdeaProjects/AttetaPro/target/classes/mapper/EmployeesMapper.xml]']
[2016-11-24 22:44:02.670] -- [DEBUG] -- [localhost-startStop-1 >>>> SqlSessionFactoryBean.java:490 >>>> Method = buildSqlSessionFactory] -- [Content = Parsed mapper file: 'file [/home/honeycc/IdeaProjects/AttetaPro/target/classes/mapper/SysUserMapper.xml]']
[2016-11-24 22:45:10.440] -- [DEBUG] -- [http-bio-8080-exec-8 >>>> SqlSessionUtils.java:99 >>>> Method = getSqlSession] -- [Content = Creating a new SqlSession]
[2016-11-24 22:45:10.466] -- [DEBUG] -- [http-bio-8080-exec-8 >>>> SqlSessionUtils.java:130 >>>> Method = registerSessionHolder] -- [Content = Registering transaction synchronization for SqlSession [org.apache.ibatis.session.defaults.DefaultSqlSession@3cbc8dde]]
[2016-11-24 22:45:10.572] -- [DEBUG] -- [http-bio-8080-exec-8 >>>> SpringManagedTransaction.java:87 >>>> Method = openConnection] -- [Content = JDBC Connection [com.alibaba.druid.proxy.jdbc.ConnectionProxyImpl@23fe0168] will be managed by Spring]
[2016-11-24 22:45:10.602] -- [DEBUG] -- [http-bio-8080-exec-8 >>>> BaseJdbcLogger.java:145 >>>> Method = debug] -- [Content = ==>  Preparing: select `sys_user_id`, `sys_user_login_name`, `sys_user_login_password`, `sys_user_status`, `sys_user_is_delete`, `sys_user_register_datetime`, `sys_user_register_source`, `sys_user_type`, `sys_user_sex`, `sys_user_is_email_active`, `sys_user_is_mobile_active`, `sys_user_register_type`, `sys_user_pay_passwrod`, `sys_user_icon`, `sys_user_real_name`, `sys_user_email`, `sys_user_mobile`, `sys_user_weibo_id`, `sys_user_qq_id` from sys_user where `sys_user_id` = ? ]
[2016-11-24 22:45:10.758] -- [DEBUG] -- [http-bio-8080-exec-8 >>>> BaseJdbcLogger.java:145 >>>> Method = debug] -- [Content = ==> Parameters: 1(Long)]
[2016-11-24 22:45:11.207] -- [TRACE] -- [http-bio-8080-exec-8 >>>> BaseJdbcLogger.java:151 >>>> Method = trace] -- [Content = <==    Columns: sys_user_id, sys_user_login_name, sys_user_login_password, sys_user_status, sys_user_is_delete, sys_user_register_datetime, sys_user_register_source, sys_user_type, sys_user_sex, sys_user_is_email_active, sys_user_is_mobile_active, sys_user_register_type, sys_user_pay_passwrod, sys_user_icon, sys_user_real_name, sys_user_email, sys_user_mobile, sys_user_weibo_id, sys_user_qq_id]
[2016-11-24 22:45:11.208] -- [TRACE] -- [http-bio-8080-exec-8 >>>> BaseJdbcLogger.java:151 >>>> Method = trace] -- [Content = <==        Row: 1, YouMeek1, e10adc3949ba59abbe56e057f20f883e, 0, N, 2016-02-24 00:12:23.0, 0, 0, 0, Y, Y, 0, e10adc3949ba59abbe56e057f20f883e, , 张觉恩1, 363379441@qq.com, 13800000001, , ]
[2016-11-24 22:45:11.218] -- [DEBUG] -- [http-bio-8080-exec-8 >>>> BaseJdbcLogger.java:145 >>>> Method = debug] -- [Content = <==      Total: 1]
[2016-11-24 22:45:11.220] -- [DEBUG] -- [http-bio-8080-exec-8 >>>> SqlSessionUtils.java:188 >>>> Method = closeSqlSession] -- [Content = Releasing transactional SqlSession [org.apache.ibatis.session.defaults.DefaultSqlSession@3cbc8dde]]
[2016-11-24 22:45:11.398] -- [DEBUG] -- [http-bio-8080-exec-8 >>>> SqlSessionUtils.java:312 >>>> Method = beforeCompletion] -- [Content = Transaction synchronization deregistering SqlSession [org.apache.ibatis.session.defaults.DefaultSqlSession@3cbc8dde]]
[2016-11-24 22:45:11.399] -- [DEBUG] -- [http-bio-8080-exec-8 >>>> SqlSessionUtils.java:317 >>>> Method = beforeCompletion] -- [Content = Transaction synchronization closing SqlSession [org.apache.ibatis.session.defaults.DefaultSqlSession@3cbc8dde]]
[2016-11-24 22:48:43.016] -- [DEBUG] -- [localhost-startStop-1 >>>> LogFactory.java:135 >>>> Method = setImplementation] -- [Content = Logging initialized using 'class org.apache.ibatis.logging.slf4j.Slf4jImpl' adapter.]
[2016-11-24 22:48:45.628] -- [DEBUG] -- [localhost-startStop-1 >>>> SqlSessionFactoryBean.java:458 >>>> Method = buildSqlSessionFactory] -- [Content = Parsed configuration file: 'class path resource [mybatis/mybatis-config.xml]']
[2016-11-24 22:48:45.783] -- [DEBUG] -- [localhost-startStop-1 >>>> SqlSessionFactoryBean.java:490 >>>> Method = buildSqlSessionFactory] -- [Content = Parsed mapper file: 'file [/home/honeycc/IdeaProjects/AttetaPro/target/classes/mapper/EmployeesMapper.xml]']
[2016-11-24 22:48:45.834] -- [DEBUG] -- [localhost-startStop-1 >>>> SqlSessionFactoryBean.java:490 >>>> Method = buildSqlSessionFactory] -- [Content = Parsed mapper file: 'file [/home/honeycc/IdeaProjects/AttetaPro/target/classes/mapper/SysUserMapper.xml]']
[2016-11-24 22:49:03.569] -- [DEBUG] -- [http-bio-8080-exec-3 >>>> SqlSessionUtils.java:99 >>>> Method = getSqlSession] -- [Content = Creating a new SqlSession]
[2016-11-24 22:49:03.577] -- [DEBUG] -- [http-bio-8080-exec-3 >>>> SqlSessionUtils.java:130 >>>> Method = registerSessionHolder] -- [Content = Registering transaction synchronization for SqlSession [org.apache.ibatis.session.defaults.DefaultSqlSession@4c821f8c]]
[2016-11-24 22:49:03.598] -- [DEBUG] -- [http-bio-8080-exec-3 >>>> SpringManagedTransaction.java:87 >>>> Method = openConnection] -- [Content = JDBC Connection [com.alibaba.druid.proxy.jdbc.ConnectionProxyImpl@b4de9c0] will be managed by Spring]
[2016-11-24 22:49:03.606] -- [DEBUG] -- [http-bio-8080-exec-3 >>>> BaseJdbcLogger.java:145 >>>> Method = debug] -- [Content = ==>  Preparing: select `sys_user_id`, `sys_user_login_name`, `sys_user_login_password`, `sys_user_status`, `sys_user_is_delete`, `sys_user_register_datetime`, `sys_user_register_source`, `sys_user_type`, `sys_user_sex`, `sys_user_is_email_active`, `sys_user_is_mobile_active`, `sys_user_register_type`, `sys_user_pay_passwrod`, `sys_user_icon`, `sys_user_real_name`, `sys_user_email`, `sys_user_mobile`, `sys_user_weibo_id`, `sys_user_qq_id` from sys_user where `sys_user_id` = ? ]
[2016-11-24 22:49:03.648] -- [DEBUG] -- [http-bio-8080-exec-3 >>>> BaseJdbcLogger.java:145 >>>> Method = debug] -- [Content = ==> Parameters: 1(Long)]
[2016-11-24 22:49:03.924] -- [TRACE] -- [http-bio-8080-exec-3 >>>> BaseJdbcLogger.java:151 >>>> Method = trace] -- [Content = <==    Columns: sys_user_id, sys_user_login_name, sys_user_login_password, sys_user_status, sys_user_is_delete, sys_user_register_datetime, sys_user_register_source, sys_user_type, sys_user_sex, sys_user_is_email_active, sys_user_is_mobile_active, sys_user_register_type, sys_user_pay_passwrod, sys_user_icon, sys_user_real_name, sys_user_email, sys_user_mobile, sys_user_weibo_id, sys_user_qq_id]
[2016-11-24 22:49:03.925] -- [TRACE] -- [http-bio-8080-exec-3 >>>> BaseJdbcLogger.java:151 >>>> Method = trace] -- [Content = <==        Row: 1, YouMeek1, e10adc3949ba59abbe56e057f20f883e, 0, N, 2016-02-24 00:12:23.0, 0, 0, 0, Y, Y, 0, e10adc3949ba59abbe56e057f20f883e, , 张觉恩1, 363379441@qq.com, 13800000001, , ]
[2016-11-24 22:49:03.932] -- [DEBUG] -- [http-bio-8080-exec-3 >>>> BaseJdbcLogger.java:145 >>>> Method = debug] -- [Content = <==      Total: 1]
[2016-11-24 22:49:03.933] -- [DEBUG] -- [http-bio-8080-exec-3 >>>> SqlSessionUtils.java:188 >>>> Method = closeSqlSession] -- [Content = Releasing transactional SqlSession [org.apache.ibatis.session.defaults.DefaultSqlSession@4c821f8c]]
[2016-11-24 22:49:04.013] -- [DEBUG] -- [http-bio-8080-exec-3 >>>> SqlSessionUtils.java:312 >>>> Method = beforeCompletion] -- [Content = Transaction synchronization deregistering SqlSession [org.apache.ibatis.session.defaults.DefaultSqlSession@4c821f8c]]
[2016-11-24 22:49:04.013] -- [DEBUG] -- [http-bio-8080-exec-3 >>>> SqlSessionUtils.java:317 >>>> Method = beforeCompletion] -- [Content = Transaction synchronization closing SqlSession [org.apache.ibatis.session.defaults.DefaultSqlSession@4c821f8c]]
